{"level":"info","msg":"Starting OpenTelemetry Go Todo application...","time":"2025-04-04T15:28:22.733459077Z","service":"go-app"}
{"level":"info","msg":"Successfully connected to PostgreSQL","time":"2025-04-04T15:28:22.842373054Z","service":"go-app"}
{"level":"info","msg":"Server listening on port 8080","time":"2025-04-04T15:28:22.843656945Z","service":"go-app"}
{"level":"info","msg":"Executing SQL query: SELECT id, title, completed, created_at FROM todos ORDER BY id","time":"2025-04-04T15:29:54.806942122Z","trace_id":"96f5bffc2daa9d4e80b7285164924c26","span_id":"bb6ab634ea429a81","service":"go-app"}
{"level":"info","msg":"Deleting todo ID: 10","time":"2025-04-04T15:29:56.685164939Z","trace_id":"70ec04eba6ab66e3bc7fb3ad59ebfb88","span_id":"4866497b23640779","service":"go-app"}
{"level":"info","msg":"Executing SQL query: DELETE FROM todos WHERE id = 10","time":"2025-04-04T15:29:56.691638392Z","trace_id":"70ec04eba6ab66e3bc7fb3ad59ebfb88","span_id":"a48e19266ce407e1","service":"go-app"}
{"level":"info","msg":"Executing SQL query: SELECT id, title, completed, created_at FROM todos ORDER BY id","time":"2025-04-04T15:29:56.718903053Z","trace_id":"1d0817ff906429a6061b51cab24e0bef","span_id":"c21c5bff478d2625","service":"go-app"}
{"level":"info","msg":"Deleting todo ID: 11","time":"2025-04-04T15:29:57.507608047Z","trace_id":"e432d60ee1a1290f67730c0382c204f1","span_id":"0337769a5c9b78aa","service":"go-app"}
{"level":"info","msg":"Executing SQL query: DELETE FROM todos WHERE id = 11","time":"2025-04-04T15:29:57.510914503Z","trace_id":"e432d60ee1a1290f67730c0382c204f1","span_id":"95f0aed12fd5b751","service":"go-app"}
{"level":"info","msg":"Executing SQL query: SELECT id, title, completed, created_at FROM todos ORDER BY id","time":"2025-04-04T15:29:57.532830184Z","trace_id":"5b423847135bb79c3c6cbd3636662523","span_id":"d84386485df3dc9b","service":"go-app"}
{"level":"info","msg":"Deleting todo ID: 12","time":"2025-04-04T15:29:59.649861875Z","trace_id":"9d9a9f903cdf9fa4ab553823a81d0793","span_id":"7958432a25e9cf87","service":"go-app"}
{"level":"info","msg":"Executing SQL query: DELETE FROM todos WHERE id = 12","time":"2025-04-04T15:29:59.65232953Z","trace_id":"9d9a9f903cdf9fa4ab553823a81d0793","span_id":"6a5aee223bcf9208","service":"go-app"}
{"level":"info","msg":"Executing SQL query: SELECT id, title, completed, created_at FROM todos ORDER BY id","time":"2025-04-04T15:29:59.667287668Z","trace_id":"a79599e97bafc559089811852c0bb1f5","span_id":"5fe2332fbd9dc78e","service":"go-app"}
{"level":"info","msg":"Executing SQL query: SELECT id, title, completed, created_at FROM todos ORDER BY id","time":"2025-04-04T15:38:37.290699068Z","trace_id":"0f01d61f8b99ddd0b82c0de5e18d4f19","span_id":"3f266a467c7d0b11","service":"go-app"}
{"level":"info","msg":"Executing SQL query: SELECT id, title, completed, created_at FROM todos ORDER BY id","time":"2025-04-04T15:38:38.299136692Z","trace_id":"d295901ee27ded86afbb0bc906f94035","span_id":"f959b1aaaf584d4a","service":"go-app"}
{"level":"info","msg":"Deleting todo ID: 13","time":"2025-04-04T15:38:39.138069926Z","trace_id":"3ef19352077960ef4ef0098176003f59","span_id":"674c6bf26002f005","service":"go-app"}
{"level":"info","msg":"Executing SQL query: DELETE FROM todos WHERE id = 13","time":"2025-04-04T15:38:39.140863584Z","trace_id":"3ef19352077960ef4ef0098176003f59","span_id":"a6000513fc5b9108","service":"go-app"}
{"level":"info","msg":"Executing SQL query: SELECT id, title, completed, created_at FROM todos ORDER BY id","time":"2025-04-04T15:38:39.189106791Z","trace_id":"8d4a0b72bbb1aeba7f248ed04f226207","span_id":"99370d5bce9116de","service":"go-app"}
{"level":"info","msg":"Deleting todo ID: 14","time":"2025-04-04T15:38:39.923974777Z","trace_id":"26bd76ac2ca39f6a8dd749904c486733","span_id":"66ed66e5e098da29","service":"go-app"}
{"level":"info","msg":"Executing SQL query: DELETE FROM todos WHERE id = 14","time":"2025-04-04T15:38:39.926920513Z","trace_id":"26bd76ac2ca39f6a8dd749904c486733","span_id":"ec78f4e6f7f8d9c5","service":"go-app"}
{"level":"info","msg":"Executing SQL query: SELECT id, title, completed, created_at FROM todos ORDER BY id","time":"2025-04-04T15:38:39.941113672Z","trace_id":"3aee5622198a9ec32edd24692c7dd5ec","span_id":"4cec94f21c1c760a","service":"go-app"}
{"level":"info","msg":"Deleting todo ID: 15","time":"2025-04-04T15:38:40.215071298Z","trace_id":"9c4202bf4565c3d2fd5c7a791b7c448b","span_id":"d0ccefef9c2ec550","service":"go-app"}
{"level":"info","msg":"Executing SQL query: DELETE FROM todos WHERE id = 15","time":"2025-04-04T15:38:40.218836383Z","trace_id":"9c4202bf4565c3d2fd5c7a791b7c448b","span_id":"b4fcece9e4b80174","service":"go-app"}
{"level":"info","msg":"Executing SQL query: SELECT id, title, completed, created_at FROM todos ORDER BY id","time":"2025-04-04T15:38:40.235777951Z","trace_id":"5104b78ff97a9a8f375c8a3b24a8e178","span_id":"eb15b8957d8bc539","service":"go-app"}
