Fresh start
{"level":"info","msg":"Starting OpenTelemetry Go Todo application...","time":"2025-04-02T13:54:03.041608622Z","service":"go-app"}
{"level":"info","msg":"Successfully connected to PostgreSQL","time":"2025-04-02T13:54:03.051295255Z","service":"go-app"}
{"level":"info","msg":"Server listening on port 8080","time":"2025-04-02T13:54:03.052013175Z","service":"go-app"}
{"level":"info","msg":"Creating new todo: With chmod 777","time":"2025-04-02T13:54:15.495608162Z","trace_id":"52d5463a37eb765cd7a86b400c66a085","span_id":"bef57807fc4533e7","service":"go-app"}
{"level":"info","msg":"Executing SQL query: INSERT INTO todos (title, completed) VALUES ($1, $2) RETURNING id, created_at","time":"2025-04-02T13:54:15.499521936Z","trace_id":"52d5463a37eb765cd7a86b400c66a085","span_id":"5e998974edb9cdfd","service":"go-app"}
{"level":"info","msg":"Created todo with ID: 28","time":"2025-04-02T13:54:15.518239089Z","trace_id":"52d5463a37eb765cd7a86b400c66a085","span_id":"5e998974edb9cdfd","service":"go-app"}
{"level":"info","msg":"Creating new todo: Final confirmation","time":"2025-04-02T13:54:27.199223955Z","trace_id":"244dd1b75da8a2af9499941c787aff01","span_id":"ca38d98c32fbca4a","service":"go-app"}
{"level":"info","msg":"Executing SQL query: INSERT INTO todos (title, completed) VALUES ($1, $2) RETURNING id, created_at","time":"2025-04-02T13:54:27.203070686Z","trace_id":"244dd1b75da8a2af9499941c787aff01","span_id":"41cab41ca2bf71cd","service":"go-app"}
{"level":"info","msg":"Created todo with ID: 29","time":"2025-04-02T13:54:27.212669118Z","trace_id":"244dd1b75da8a2af9499941c787aff01","span_id":"41cab41ca2bf71cd","service":"go-app"}
{"level":"info","msg":"Executing SQL query: SELECT id, title, completed, created_at FROM todos ORDER BY id","time":"2025-04-02T14:06:16.269578557Z","trace_id":"e59efc409f858e8ece2d05a3261c6b9c","span_id":"3ad3151567c6674f","service":"go-app"}
{"level":"info","msg":"Executing SQL query: SELECT id, title, completed, created_at FROM todos ORDER BY id","time":"2025-04-02T14:08:09.280914614Z","trace_id":"6decbceb64b308dcd50c7d9f2156265b","span_id":"6c8205fb1d835a2f","service":"go-app"}
{"level":"info","msg":"Executing SQL query: SELECT id, title, completed, created_at FROM todos ORDER BY id","time":"2025-04-02T14:08:11.839588284Z","trace_id":"0efcb4d1ab60181b2c3c0e3038942202","span_id":"ff29e1ce9414fda8","service":"go-app"}
{"level":"info","msg":"Deleting todo ID: 25","time":"2025-04-02T14:08:18.110207473Z","trace_id":"0cd01d77d3367cd53d4888b95f1ffbfd","span_id":"4a0c8e7784780ddc","service":"go-app"}
{"level":"info","msg":"Executing SQL query: DELETE FROM todos WHERE id = 25","time":"2025-04-02T14:08:18.126001727Z","trace_id":"0cd01d77d3367cd53d4888b95f1ffbfd","span_id":"2e8ded8d6966acff","service":"go-app"}
{"level":"info","msg":"Executing SQL query: SELECT id, title, completed, created_at FROM todos ORDER BY id","time":"2025-04-02T14:08:18.184467174Z","trace_id":"a8d49fc17fe86d22ea93c311c3dc2302","span_id":"e000c9b7fe979af9","service":"go-app"}
{"level":"info","msg":"Executing SQL query: SELECT id, title, completed, created_at FROM todos ORDER BY id","time":"2025-04-02T20:08:17.948140685Z","trace_id":"3cc6f55234121a9395a9ebdb0b668f92","span_id":"1184029d79b740ea","service":"go-app"}
{"level":"info","msg":"Deleting todo ID: 29","time":"2025-04-02T20:08:20.570117499Z","trace_id":"0b252ece740c4e5f56e7151b2e4ef893","span_id":"8ebb6c643b0beccf","service":"go-app"}
{"level":"info","msg":"Executing SQL query: DELETE FROM todos WHERE id = 29","time":"2025-04-02T20:08:20.572749638Z","trace_id":"0b252ece740c4e5f56e7151b2e4ef893","span_id":"0464e057a831a910","service":"go-app"}
{"level":"info","msg":"Executing SQL query: SELECT id, title, completed, created_at FROM todos ORDER BY id","time":"2025-04-02T20:08:20.601575627Z","trace_id":"3667845cdfa53364310b0ff640a551c2","span_id":"ff1e95950bcc93bf","service":"go-app"}
